
Xvnc TigerVNC 1.16.2 - built Apr 29 2026 05:55:51
Copyright (C) 1999-2026 TigerVNC team and many others (see README.rst)
See https://www.tigervnc.org for information on TigerVNC.
Underlying X server release 12101016

Built without GBM support
Failed to initialize DRI3 extension
Sync Extension 3.1

Wed Jul  1 17:10:49 2026
 vncext:      VNC extension running!
 vncext:      Listening for VNC connections on all interface(s), port 5901
 vncext:      Created VNC server for screen 0
Popen: `"/data/data/com.termux/files/usr/bin/xkbcomp" -w 1 "-R/data/data/com.termux/files/usr/share/X11/xkb" -xkm "-" -em1 "The XKEYBOARD keymap compiler (xkbcomp) reports:" -emp "> " -eml "Errors from xkbcomp are not fatal to the X server" "/data/data/com.termux/files/usr/tmp/server-1.xkm"', fp = 0xb400007e6135c018
Pclose: fp = 0xb400007e6135c018
The XKEYBOARD keymap compiler (xkbcomp) reports:
> Warning:          Multiple symbols for level 1/group 1 on key <FK23>
>                   Using F23, ignoring XF86TouchpadOff
> Warning:          Symbol map for key <FK23> redefined
>                   Using last definition for conflicting fields
> Warning:          Symbol map for key <FK24> redefined
>                   Using last definition for conflicting fields
> Warning:          Could not resolve keysym XF86ElectronicPrivacyScreenOn
> Warning:          Could not resolve keysym XF86ElectronicPrivacyScreenOff
> Warning:          Could not resolve keysym XF86ActionOnSelection
> Warning:          Could not resolve keysym XF86ContextualInsert
> Warning:          Could not resolve keysym XF86ContextualQuery
Errors from xkbcomp are not fatal to the X server
Loaded XKB keymap /data/data/com.termux/files/usr/tmp/server-1.xkm, defined=0x7f
client(0): Reserved pid(12837).
client(0): Reserved cmdname(/data/data/com.termux/files/usr/bin/Xvnc) and cmdargs(:1 -auth /data/data/com.termux/files/home/.Xauthority -desktop localhost:1 () -fp /data/data/com.termux/files/usr/share/fonts/misc,/data/data/com.termux/files/usr/share/fonts/75dpi,/data/data/com.termux/files/usr/share/fonts/100dpi -geometry 1024x768 -rfbauth /data/data/com.termux/files/home/.vnc/passwd -rfbport 5901).
[mi] mieq: warning: overriding existing handler 0x0 with 0x593b744e60 for event 2
[mi] mieq: warning: overriding existing handler 0x0 with 0x593b744e60 for event 3
/data/data/com.termux/files/home/.vnc/xstartup: 11: twm: not found
client(200000): Reserved pid(12854).
client(200000): Reserved cmdname(aterm) and cmdargs(-geometry 80x24+10+10 -ls).
AllocNewConnection: client index = 1, socket fd = 8, local = 1
